error TS5033: Could not write file '/home/rzyfront/Vendix/apps/backend/dist/tsconfig.tsbuildinfo': EACCES: permission denied, open '/home/rzyfront/Vendix/apps/backend/dist/tsconfig.tsbuildinfo'.
src/domains/auth/auth.login-contextual.integration.spec.ts(63,11): error TS2353: Object literal may only specify known properties, and 'state' does not exist in type '(Without<storesCreateInput, storesUncheckedCreateInput> & storesUncheckedCreateInput) | (Without<...> & storesCreateInput)'.
src/domains/auth/auth.login-contextual.integration.spec.ts(123,45): error TS18047: 'ownerRole' is possibly 'null'.
src/domains/auth/auth.login-contextual.integration.spec.ts(124,45): error TS18047: 'staffRole' is possibly 'null'.
src/domains/auth/auth.login-contextual.integration.spec.ts(125,48): error TS18047: 'customerRole' is possibly 'null'.
src/domains/auth/auth.login-contextual.integration.spec.ts(267,11): error TS2353: Object literal may only specify known properties, and 'state' does not exist in type '(Without<storesCreateInput, storesUncheckedCreateInput> & storesUncheckedCreateInput) | (Without<...> & storesCreateInput)'.
src/domains/auth/auth.login-contextual.integration.spec.ts(276,11): error TS2353: Object literal may only specify known properties, and 'state' does not exist in type '(Without<storesCreateInput, storesUncheckedCreateInput> & storesUncheckedCreateInput) | (Without<...> & storesCreateInput)'.
src/domains/auth/auth.login-contextual.integration.spec.ts(318,45): error TS18047: 'ownerRole' is possibly 'null'.
src/domains/auth/auth.login-contextual.integration.spec.ts(319,45): error TS18047: 'staffRole' is possibly 'null'.
src/domains/auth/auth.login-contextual.integration.spec.ts(435,11): error TS2353: Object literal may only specify known properties, and 'state' does not exist in type '(Without<storesCreateInput, storesUncheckedCreateInput> & storesUncheckedCreateInput) | (Without<...> & storesCreateInput)'.
src/domains/auth/auth.login-contextual.integration.spec.ts(488,46): error TS18047: 'ownerRole' is possibly 'null'.
src/domains/auth/auth.login-contextual.integration.spec.ts(489,49): error TS18047: 'ownerRole' is possibly 'null'.
src/domains/auth/auth.login-contextual.integration.spec.ts(490,50): error TS18047: 'ownerRole' is possibly 'null'.
src/domains/auth/auth.login-contextual.integration.spec.ts(554,18): error TS2353: Object literal may only specify known properties, and 'user_id' does not exist in type 'login_attemptsWhereInput'.
src/domains/auth/auth.login-contextual.integration.spec.ts(581,14): error TS18047: 'updatedUser' is possibly 'null'.
src/domains/auth/auth.login-contextual.integration.spec.ts(605,11): error TS2353: Object literal may only specify known properties, and 'state' does not exist in type '(Without<storesCreateInput, storesUncheckedCreateInput> & storesUncheckedCreateInput) | (Without<...> & storesCreateInput)'.
src/domains/auth/auth.login-contextual.integration.spec.ts(628,49): error TS18047: 'ownerRole' is possibly 'null'.
src/domains/auth/auth.login-contextual.integration.spec.ts(701,11): error TS2353: Object literal may only specify known properties, and 'state' does not exist in type '(Without<storesCreateInput, storesUncheckedCreateInput> & storesUncheckedCreateInput) | (Without<...> & storesCreateInput)'.
src/domains/auth/auth.login-contextual.integration.spec.ts(723,44): error TS18047: 'ownerRole' is possibly 'null'.
src/domains/auth/auth.login-contextual.integration.spec.ts(807,14): error TS18047: 'updatedUser' is possibly 'null'.
src/domains/auth/auth.owner-registration.focused-integration.spec.ts(89,17): error TS18047: 'ur.roles' is possibly 'null'.
src/domains/auth/auth.owner-registration.integration.spec.ts(86,14): error TS18047: 'user' is possibly 'null'.
src/domains/auth/auth.owner-registration.integration.spec.ts(87,14): error TS18047: 'user' is possibly 'null'.
src/domains/auth/auth.owner-registration.integration.spec.ts(88,14): error TS18047: 'user' is possibly 'null'.
src/domains/auth/auth.owner-registration.integration.spec.ts(89,14): error TS18047: 'user' is possibly 'null'.
src/domains/auth/auth.owner-registration.integration.spec.ts(92,28): error TS18047: 'user' is possibly 'null'.
src/domains/auth/auth.owner-registration.integration.spec.ts(93,17): error TS18047: 'ur.roles' is possibly 'null'.
src/domains/auth/auth.owner-registration.integration.spec.ts(100,29): error TS18047: 'user' is possibly 'null'.
src/domains/auth/auth.owner-registration.integration.spec.ts(103,14): error TS18047: 'emailToken' is possibly 'null'.
src/domains/auth/auth.owner-registration.integration.spec.ts(104,14): error TS18047: 'emailToken' is possibly 'null'.
src/domains/auth/auth.owner-registration.integration.spec.ts(108,27): error TS18047: 'user' is possibly 'null'.
src/domains/auth/auth.owner-registration.integration.spec.ts(111,14): error TS18047: 'refreshToken' is possibly 'null'.
src/domains/auth/auth.owner-registration.integration.spec.ts(116,24): error TS18047: 'emailToken' is possibly 'null'.
src/domains/auth/auth.owner-registration.integration.spec.ts(125,22): error TS18047: 'user' is possibly 'null'.
src/domains/auth/auth.owner-registration.integration.spec.ts(127,14): error TS18047: 'updatedUser' is possibly 'null'.
src/domains/auth/auth.owner-registration.integration.spec.ts(128,14): error TS18047: 'updatedUser' is possibly 'null'.
src/domains/auth/auth.owner-registration.integration.spec.ts(133,24): error TS18047: 'emailToken' is possibly 'null'.
src/domains/auth/auth.owner-registration.integration.spec.ts(135,14): error TS18047: 'usedToken' is possibly 'null'.
src/domains/auth/auth.owner-registration.integration.spec.ts(140,24): error TS18047: 'emailToken' is possibly 'null'.
src/domains/auth/auth.owner-registration.integration.spec.ts(206,20): error TS18047: 'user' is possibly 'null'.
src/domains/auth/auth.owner-registration.integration.spec.ts(248,27): error TS18047: 'user' is possibly 'null'.
src/domains/auth/auth.owner-registration.integration.spec.ts(370,20): error TS18047: 'existingUser' is possibly 'null'.
src/domains/auth/auth.owner-registration.integration.spec.ts(371,20): error TS18047: 'ownerRole' is possibly 'null'.
src/domains/auth/auth.service.owner-registration.spec.ts(234,16): error TS2339: Property 'any' does not exist on type '{ <T extends jasmine.Func>(spy: T | Spy<T>): FunctionMatchers<T>; (actual: string): Matchers<string>; <T>(actual: ArrayLike<T>): ArrayLikeMatchers<...>; <T>(actual: T): Matchers<...>; (): NothingMatcher; }'.
src/domains/auth/auth.service.owner-registration.spec.ts(253,9): error TS2339: Property 'rejects' does not exist on type 'Matchers<Promise<{ user: { roles: (string | undefined)[]; organizations: { id: number; state: organization_state_enum; created_at: Date | null; updated_at: Date | null; ... 10 more ...; onboarding: boolean; }; ... 22 more ...; requires_terms_update: boolean; }; ... 5 more ...; wasExistingUser: any; }>>'.
src/domains/auth/auth.service.owner-registration.spec.ts(286,9): error TS2339: Property 'rejects' does not exist on type 'Matchers<Promise<{ user: { roles: (string | undefined)[]; organizations: { id: number; state: organization_state_enum; created_at: Date | null; updated_at: Date | null; ... 10 more ...; onboarding: boolean; }; ... 22 more ...; requires_terms_update: boolean; }; ... 5 more ...; wasExistingUser: any; }>>'.
src/domains/auth/auth.service.owner-registration.spec.ts(311,9): error TS2339: Property 'rejects' does not exist on type 'Matchers<Promise<{ user: { roles: (string | undefined)[]; organizations: { id: number; state: organization_state_enum; created_at: Date | null; updated_at: Date | null; ... 10 more ...; onboarding: boolean; }; ... 22 more ...; requires_terms_update: boolean; }; ... 5 more ...; wasExistingUser: any; }>>'.
src/domains/auth/auth.service.owner-registration.spec.ts(442,55): error TS2339: Property 'rejects' does not exist on type 'Matchers<Promise<{ message: string; }>>'.
src/domains/auth/auth.service.owner-registration.spec.ts(463,53): error TS2339: Property 'rejects' does not exist on type 'Matchers<Promise<{ message: string; }>>'.
src/domains/auth/auth.service.owner-registration.spec.ts(484,55): error TS2339: Property 'rejects' does not exist on type 'Matchers<Promise<{ message: string; }>>'.
src/domains/auth/auth.service.owner-registration.spec.ts(557,64): error TS2339: Property 'rejects' does not exist on type 'Matchers<Promise<{ message: string; }>>'.
src/domains/organization/addresses/addresses.service.spec.ts(87,60): error TS2339: Property 'rejects' does not exist on type 'Matchers<Promise<any>>'.
src/domains/organization/addresses/addresses.service.spec.ts(126,53): error TS2339: Property 'rejects' does not exist on type 'Matchers<Promise<any>>'.
src/domains/organization/addresses/addresses.service.spec.ts(168,52): error TS2339: Property 'rejects' does not exist on type 'Matchers<Promise<{ message: string; }>>'.
src/domains/organization/organizations/test/organizations.controller.spec.ts(118,21): error TS2339: Property 'data' does not exist on type 'ErrorResponse | SuccessResponse<{ logo_url: string | undefined; addresses: { id: number; store_id: number | null; type: address_type_enum; organization_id: number | null; ... 10 more ...; user_id: number | null; }[]; ... 13 more ...; onboarding: boolean; }>'.
  Property 'data' does not exist on type 'ErrorResponse'.
src/domains/organization/organizations/test/organizations.controller.spec.ts(195,21): error TS2339: Property 'data' does not exist on type 'ErrorResponse | SuccessResponse<{ logo_url: string | undefined; addresses: { id: number; store_id: number | null; type: address_type_enum; organization_id: number | null; ... 10 more ...; user_id: number | null; }[]; ... 13 more ...; onboarding: boolean; }>'.
  Property 'data' does not exist on type 'ErrorResponse'.
src/domains/organization/organizations/test/organizations.controller.spec.ts(270,21): error TS2339: Property 'data' does not exist on type 'ErrorResponse | SuccessResponse<{ organization_id: number; store_filter: number | undefined; stats: { total_stores: { value: any; sub_value: any; sub_label: string; }; active_users: { value: any; sub_value: null; sub_label: string; }; monthly_orders: { ...; }; revenue: { ...; }; }; }>'.
  Property 'data' does not exist on type 'ErrorResponse'.
src/domains/organization/roles/roles.service.spec.ts(4,10): error TS2305: Module '"../audit/audit.service"' has no exported member 'AuditService'.
src/domains/organization/roles/roles.service.spec.ts(114,22): error TS2339: Property 'toHaveLength' does not exist on type 'FunctionMatchers<any>'.
src/domains/organization/roles/roles.service.spec.ts(137,22): error TS2339: Property 'toHaveLength' does not exist on type 'FunctionMatchers<any>'.
src/domains/organization/roles/roles.service.spec.ts(159,22): error TS2339: Property 'toHaveLength' does not exist on type 'FunctionMatchers<any>'.
src/domains/organization/settings/settings.service.spec.ts(50,45): error TS2339: Property 'rejects' does not exist on type 'Matchers<Promise<any>>'.
src/domains/organization/settings/settings.service.spec.ts(67,30): error TS2339: Property 'objectContaining' does not exist on type '{ <T extends jasmine.Func>(spy: T | Spy<T>): FunctionMatchers<T>; (actual: string): Matchers<string>; <T>(actual: ArrayLike<T>): ArrayLikeMatchers<...>; <T>(actual: T): Matchers<...>; (): NothingMatcher; }'.
src/domains/organization/users/users.service.spec.ts(4,10): error TS2305: Module '"../audit/audit.service"' has no exported member 'AuditService'.
src/domains/organization/users/users.service.spec.ts(116,30): error TS2339: Property 'any' does not exist on type '{ <T extends jasmine.Func>(spy: T | Spy<T>): FunctionMatchers<T>; (actual: string): Matchers<string>; <T>(actual: ArrayLike<T>): ArrayLikeMatchers<...>; <T>(actual: T): Matchers<...>; (): NothingMatcher; }'.
src/domains/organization/users/users.service.spec.ts(129,16): error TS2339: Property 'objectContaining' does not exist on type '{ <T extends jasmine.Func>(spy: T | Spy<T>): FunctionMatchers<T>; (actual: string): Matchers<string>; <T>(actual: ArrayLike<T>): ArrayLikeMatchers<...>; <T>(actual: T): Matchers<...>; (): NothingMatcher; }'.
src/domains/organization/users/users.service.spec.ts(147,49): error TS2339: Property 'rejects' does not exist on type 'Matchers<Promise<any>>'.
src/domains/organization/users/users.service.spec.ts(170,30): error TS2339: Property 'any' does not exist on type '{ <T extends jasmine.Func>(spy: T | Spy<T>): FunctionMatchers<T>; (actual: string): Matchers<string>; <T>(actual: ArrayLike<T>): ArrayLikeMatchers<...>; <T>(actual: T): Matchers<...>; (): NothingMatcher; }'.
src/domains/organization/users/users.service.spec.ts(202,49): error TS2339: Property 'rejects' does not exist on type 'Matchers<Promise<any>>'.
src/domains/organization/users/users.service.spec.ts(229,33): error TS2339: Property 'any' does not exist on type '{ <T extends jasmine.Func>(spy: T | Spy<T>): FunctionMatchers<T>; (actual: string): Matchers<string>; <T>(actual: ArrayLike<T>): ArrayLikeMatchers<...>; <T>(actual: T): Matchers<...>; (): NothingMatcher; }'.
src/domains/organization/users/users.service.spec.ts(230,30): error TS2339: Property 'any' does not exist on type '{ <T extends jasmine.Func>(spy: T | Spy<T>): FunctionMatchers<T>; (actual: string): Matchers<string>; <T>(actual: ArrayLike<T>): ArrayLikeMatchers<...>; <T>(actual: T): Matchers<...>; (): NothingMatcher; }'.
src/domains/organization/users/users.service.spec.ts(237,16): error TS2339: Property 'objectContaining' does not exist on type '{ <T extends jasmine.Func>(spy: T | Spy<T>): FunctionMatchers<T>; (actual: string): Matchers<string>; <T>(actual: ArrayLike<T>): ArrayLikeMatchers<...>; <T>(actual: T): Matchers<...>; (): NothingMatcher; }'.
src/domains/organization/users/users.service.spec.ts(253,9): error TS2339: Property 'rejects' does not exist on type 'Matchers<Promise<any>>'.
src/domains/organization/users/users.service.spec.ts(265,63): error TS2339: Property 'rejects' does not exist on type 'Matchers<Promise<any>>'.
src/domains/organization/users/users.service.spec.ts(280,63): error TS2339: Property 'rejects' does not exist on type 'Matchers<Promise<any>>'.
src/domains/organization/users/users.service.spec.ts(315,9): error TS2339: Property 'rejects' does not exist on type 'Matchers<Promise<any>>'.
src/domains/organization/users/users.service.spec.ts(328,9): error TS2339: Property 'rejects' does not exist on type 'Matchers<Promise<any>>'.
src/domains/organization/users/users.service.spec.ts(369,16): error TS2339: Property 'any' does not exist on type '{ <T extends jasmine.Func>(spy: T | Spy<T>): FunctionMatchers<T>; (actual: string): Matchers<string>; <T>(actual: ArrayLike<T>): ArrayLikeMatchers<...>; <T>(actual: T): Matchers<...>; (): NothingMatcher; }'.
src/domains/organization/users/users.service.spec.ts(374,16): error TS2339: Property 'any' does not exist on type '{ <T extends jasmine.Func>(spy: T | Spy<T>): FunctionMatchers<T>; (actual: string): Matchers<string>; <T>(actual: ArrayLike<T>): ArrayLikeMatchers<...>; <T>(actual: T): Matchers<...>; (): NothingMatcher; }'.
src/domains/store/brands/brands.controller.spec.ts(234,36): error TS2339: Property 'toHaveLength' does not exist on type 'FunctionMatchers<any>'.
src/domains/store/brands/brands.service.spec.ts(3,36): error TS2307: Cannot find module '../../prisma/services/store-prisma.service' or its corresponding type declarations.
src/domains/store/brands/brands.service.spec.ts(77,30): error TS2345: Argument of type '{ id: number; name: string; description: string; logo_url: string; state: string; created_at: Date; updated_at: Date; }' is not assignable to parameter of type 'Expected<{ logo_url: string | undefined; id: number; state: brand_state_enum; created_at: Date | null; updated_at: Date | null; name: string; description: string | null; }>'.
  Type '{ id: number; name: string; description: string; logo_url: string; state: string; created_at: Date; updated_at: Date; }' is not assignable to type '{ logo_url: ExpectedRecursive<string | undefined>; id: ExpectedRecursive<number>; state: ExpectedRecursive<brand_state_enum>; created_at: ExpectedRecursive<...>; updated_at: ExpectedRecursive<...>; name: ExpectedRecursive<...>; description: ExpectedRecursive<...>; }'.
    Types of property 'state' are incompatible.
      Type 'string' is not assignable to type 'ExpectedRecursive<brand_state_enum>'.
src/domains/store/brands/brands.service.spec.ts(102,30): error TS2345: Argument of type '{ id: number; name: string; state: string; }' is not assignable to parameter of type 'Expected<{ logo_url: string | undefined; id: number; state: brand_state_enum; created_at: Date | null; updated_at: Date | null; name: string; description: string | null; }>'.
  Type '{ id: number; name: string; state: string; }' is missing the following properties from type '{ logo_url: ExpectedRecursive<string | undefined>; id: ExpectedRecursive<number>; state: ExpectedRecursive<brand_state_enum>; created_at: ExpectedRecursive<...>; updated_at: ExpectedRecursive<...>; name: ExpectedRecursive<...>; description: ExpectedRecursive<...>; }': logo_url, created_at, updated_at, description
src/domains/store/brands/brands.service.spec.ts(124,61): error TS2339: Property 'rejects' does not exist on type 'Matchers<Promise<{ logo_url: string | undefined; id: number; state: brand_state_enum; created_at: Date | null; updated_at: Date | null; name: string; description: string | null; }>>'.
src/domains/store/brands/brands.service.spec.ts(127,61): error TS2339: Property 'rejects' does not exist on type 'Matchers<Promise<{ logo_url: string | undefined; id: number; state: brand_state_enum; created_at: Date | null; updated_at: Date | null; name: string; description: string | null; }>>'.
src/domains/store/brands/brands.service.spec.ts(140,59): error TS2339: Property 'rejects' does not exist on type 'Matchers<Promise<{ logo_url: string | undefined; id: number; state: brand_state_enum; created_at: Date | null; updated_at: Date | null; name: string; description: string | null; }>>'.
src/domains/store/brands/brands.service.spec.ts(178,35): error TS2345: Argument of type '{ id: number; name: string; description: string; state: string; _count: { products: number; }; }[]' is not assignable to parameter of type 'Expected<ArrayLike<{ logo_url: string | undefined; _count: { products: number; }; id: number; state: brand_state_enum; created_at: Date | null; updated_at: Date | null; name: string; description: string | null; }>> | ArrayContaining<...>'.
  Type '{ id: number; name: string; description: string; state: string; _count: { products: number; }; }[]' is not assignable to type '{ [x: number]: ExpectedRecursive<{ logo_url: string | undefined; _count: { products: number; }; id: number; state: brand_state_enum; created_at: Date | null; updated_at: Date | null; name: string; description: string | null; }>; length: ExpectedRecursive<...>; }'.
    'number' index signatures are incompatible.
      Type '{ id: number; name: string; description: string; state: string; _count: { products: number; }; }' is not assignable to type 'ExpectedRecursive<{ logo_url: string | undefined; _count: { products: number; }; id: number; state: brand_state_enum; created_at: Date | null; updated_at: Date | null; name: string; description: string | null; }>'.
        Type '{ id: number; name: string; description: string; state: string; _count: { products: number; }; }' is missing the following properties from type '{ logo_url: Any | ExpectedRecursive<string | undefined>; _count: Any | ExpectedRecursive<{ products: number; }>; id: Any | ExpectedRecursive<...>; ... 4 more ...; description: Any | ExpectedRecursive<...>; }': logo_url, created_at, updated_at
src/domains/store/brands/brands.service.spec.ts(283,35): error TS2345: Argument of type '{ id: number; name: string; state: string; _count: { products: number; }; }[]' is not assignable to parameter of type 'Expected<ArrayLike<{ logo_url: string | undefined; _count: { products: number; }; id: number; state: brand_state_enum; created_at: Date | null; updated_at: Date | null; name: string; description: string | null; }>> | ArrayContaining<...>'.
  Type '{ id: number; name: string; state: string; _count: { products: number; }; }[]' is not assignable to type '{ [x: number]: ExpectedRecursive<{ logo_url: string | undefined; _count: { products: number; }; id: number; state: brand_state_enum; created_at: Date | null; updated_at: Date | null; name: string; description: string | null; }>; length: ExpectedRecursive<...>; }'.
    'number' index signatures are incompatible.
      Type '{ id: number; name: string; state: string; _count: { products: number; }; }' is not assignable to type 'ExpectedRecursive<{ logo_url: string | undefined; _count: { products: number; }; id: number; state: brand_state_enum; created_at: Date | null; updated_at: Date | null; name: string; description: string | null; }>'.
        Type '{ id: number; name: string; state: string; _count: { products: number; }; }' is missing the following properties from type '{ logo_url: Any | ExpectedRecursive<string | undefined>; _count: Any | ExpectedRecursive<{ products: number; }>; id: Any | ExpectedRecursive<...>; ... 4 more ...; description: Any | ExpectedRecursive<...>; }': logo_url, created_at, updated_at, description
src/domains/store/brands/brands.service.spec.ts(350,30): error TS2345: Argument of type '{ id: number; name: string; description: string; state: string; logo_url: string; _count: { products: number; }; }' is not assignable to parameter of type 'Expected<{ logo_url: string | undefined; _count: { products: number; }; id: number; state: brand_state_enum; created_at: Date | null; updated_at: Date | null; name: string; description: string | null; }>'.
  Type '{ id: number; name: string; description: string; state: string; logo_url: string; _count: { products: number; }; }' is missing the following properties from type '{ logo_url: ExpectedRecursive<string | undefined>; _count: ExpectedRecursive<{ products: number; }>; id: ExpectedRecursive<number>; ... 4 more ...; description: ExpectedRecursive<...>; }': created_at, updated_at
src/domains/store/brands/brands.service.spec.ts(365,52): error TS2339: Property 'rejects' does not exist on type 'Matchers<Promise<{ logo_url: string | undefined; _count: { products: number; }; id: number; state: brand_state_enum; created_at: Date | null; updated_at: Date | null; name: string; description: string | null; }>>'.
src/domains/store/brands/brands.service.spec.ts(368,52): error TS2339: Property 'rejects' does not exist on type 'Matchers<Promise<{ logo_url: string | undefined; _count: { products: number; }; id: number; state: brand_state_enum; created_at: Date | null; updated_at: Date | null; name: string; description: string | null; }>>'.
src/domains/store/brands/brands.service.spec.ts(427,30): error TS2345: Argument of type '{ id: number; name: string; description: string; logo_url: string; _count: { products: number; }; }' is not assignable to parameter of type 'Expected<{ logo_url: string | undefined; _count: { products: number; }; id: number; state: brand_state_enum; created_at: Date | null; updated_at: Date | null; name: string; description: string | null; }>'.
  Type '{ id: number; name: string; description: string; logo_url: string; _count: { products: number; }; }' is missing the following properties from type '{ logo_url: ExpectedRecursive<string | undefined>; _count: ExpectedRecursive<{ products: number; }>; id: ExpectedRecursive<number>; ... 4 more ...; description: ExpectedRecursive<...>; }': state, created_at, updated_at
src/domains/store/brands/brands.service.spec.ts(547,9): error TS2339: Property 'rejects' does not exist on type 'Matchers<Promise<{ logo_url: string | undefined; _count: { products: number; }; id: number; state: brand_state_enum; created_at: Date | null; updated_at: Date | null; name: string; description: string | null; }>>'.
src/domains/store/brands/brands.service.spec.ts(550,9): error TS2339: Property 'rejects' does not exist on type 'Matchers<Promise<{ logo_url: string | undefined; _count: { products: number; }; id: number; state: brand_state_enum; created_at: Date | null; updated_at: Date | null; name: string; description: string | null; }>>'.
src/domains/store/brands/brands.service.spec.ts(566,9): error TS2339: Property 'rejects' does not exist on type 'Matchers<Promise<{ logo_url: string | undefined; _count: { products: number; }; id: number; state: brand_state_enum; created_at: Date | null; updated_at: Date | null; name: string; description: string | null; }>>'.
src/domains/store/brands/brands.service.spec.ts(600,30): error TS2339: Property 'any' does not exist on type '{ <T extends jasmine.Func>(spy: T | Spy<T>): FunctionMatchers<T>; (actual: string): Matchers<string>; <T>(actual: ArrayLike<T>): ArrayLikeMatchers<...>; <T>(actual: T): Matchers<...>; (): NothingMatcher; }'.
src/domains/store/brands/brands.service.spec.ts(616,56): error TS2339: Property 'rejects' does not exist on type 'Matchers<Promise<void>>'.
src/domains/store/brands/brands.service.spec.ts(619,56): error TS2339: Property 'rejects' does not exist on type 'Matchers<Promise<void>>'.
src/domains/store/brands/brands.service.spec.ts(628,56): error TS2339: Property 'rejects' does not exist on type 'Matchers<Promise<void>>'.
src/domains/store/brands/brands.service.spec.ts(646,9): error TS2339: Property 'rejects' does not exist on type 'FunctionMatchers<any>'.
src/domains/store/brands/brands.service.spec.ts(654,9): error TS2339: Property 'resolves' does not exist on type 'FunctionMatchers<any>'.
src/domains/store/brands/brands.service.spec.ts(667,9): error TS2339: Property 'rejects' does not exist on type 'FunctionMatchers<any>'.
src/domains/store/brands/brands.service.spec.ts(760,56): error TS2339: Property 'rejects' does not exist on type 'Matchers<Promise<void>>'.
src/domains/store/brands/brands.service.spec.ts(782,58): error TS2339: Property 'rejects' does not exist on type 'Matchers<Promise<{ logo_url: string | undefined; id: number; state: brand_state_enum; created_at: Date | null; updated_at: Date | null; name: string; description: string | null; }>>'.
src/domains/store/brands/brands.service.spec.ts(802,9): error TS2339: Property 'rejects' does not exist on type 'Matchers<Promise<{ logo_url: string | undefined; _count: { products: number; }; id: number; state: brand_state_enum; created_at: Date | null; updated_at: Date | null; name: string; description: string | null; }>>'.
src/domains/store/brands/brands.service.spec.ts(809,41): error TS2339: Property 'rejects' does not exist on type 'Matchers<Promise<{ data: { logo_url: string | undefined; _count: { products: number; }; id: number; state: brand_state_enum; created_at: Date | null; updated_at: Date | null; name: string; description: string | null; }[]; meta: { ...; }; }>>'.
src/domains/store/categories/categories.controller.spec.ts(103,30): error TS2345: Argument of type '{ data: { id: number; name: string; slug: string; description: string; image_url: string; state: string; stores: { id: number; name: string; }; }; message: string; }' is not assignable to parameter of type 'Expected<ErrorResponse | SuccessResponse<any>>'.
  Property 'success' is missing in type '{ data: { id: number; name: string; slug: string; description: string; image_url: string; state: string; stores: { id: number; name: string; }; }; message: string; }' but required in type '{ success: ExpectedRecursive<true>; message: ExpectedRecursive<string>; data: any; meta?: ExpectedRecursive<Record<string, any> | undefined>; }'.
src/domains/store/categories/categories.controller.spec.ts(134,30): error TS2345: Argument of type '{ error: string; message: string; statusCode: number; }' is not assignable to parameter of type 'Expected<ErrorResponse | SuccessResponse<any>>'.
  Property 'success' is missing in type '{ error: string; message: string; statusCode: number; }' but required in type '{ success: ExpectedRecursive<false>; message: ExpectedRecursive<string>; error: ExpectedRecursive<string | Record<string, any>>; statusCode?: ExpectedRecursive<...>; timestamp?: ExpectedRecursive<...>; }'.
src/domains/store/categories/categories.controller.spec.ts(179,30): error TS2345: Argument of type '{ data: { id: number; name: string; state: string; stores: { id: number; name: string; }; }[]; meta: { total: number; page: number; limit: number; totalPages: number; }; message: string; }' is not assignable to parameter of type 'Expected<ErrorResponse | PaginatedResponse<any> | SuccessResponse<{ data: any[]; meta: { total: any; page: number; limit: number; totalPages: number; }; }>>'.
  Property 'success' is missing in type '{ data: { id: number; name: string; state: string; stores: { id: number; name: string; }; }[]; meta: { total: number; page: number; limit: number; totalPages: number; }; message: string; }' but required in type '{ success: ExpectedRecursive<true>; message: ExpectedRecursive<string>; data: ExpectedRecursive<{ data: any[]; meta: { total: any; page: number; limit: number; totalPages: number; }; }>; meta?: ExpectedRecursive<...>; }'.
src/domains/store/categories/categories.controller.spec.ts(212,30): error TS2345: Argument of type '{ data: { id: number; name: string; state: string; stores: { id: number; name: string; }; }[]; message: string; }' is not assignable to parameter of type 'Expected<ErrorResponse | PaginatedResponse<any> | SuccessResponse<{ data: any[]; meta: { total: any; page: number; limit: number; totalPages: number; }; }>>'.
  Property 'success' is missing in type '{ data: { id: number; name: string; state: string; stores: { id: number; name: string; }; }[]; message: string; }' but required in type '{ success: ExpectedRecursive<true>; message: ExpectedRecursive<string>; data: ExpectedRecursive<{ data: any[]; meta: { total: any; page: number; limit: number; totalPages: number; }; }>; meta?: ExpectedRecursive<...>; }'.
src/domains/store/categories/categories.controller.spec.ts(234,30): error TS2345: Argument of type '{ error: string; message: string; statusCode: number; }' is not assignable to parameter of type 'Expected<ErrorResponse | PaginatedResponse<any> | SuccessResponse<{ data: any[]; meta: { total: any; page: number; limit: number; totalPages: number; }; }>>'.
  Property 'success' is missing in type '{ error: string; message: string; statusCode: number; }' but required in type '{ success: ExpectedRecursive<false>; message: ExpectedRecursive<string>; error: ExpectedRecursive<string | Record<string, any>>; statusCode?: ExpectedRecursive<...>; timestamp?: ExpectedRecursive<...>; }'.
src/domains/store/categories/categories.controller.spec.ts(271,30): error TS2345: Argument of type '{ data: { id: number; name: string; state: string; stores: { id: number; name: string; }; }[]; message: string; }' is not assignable to parameter of type 'Expected<ErrorResponse | SuccessResponse<any[]>>'.
  Property 'success' is missing in type '{ data: { id: number; name: string; state: string; stores: { id: number; name: string; }; }[]; message: string; }' but required in type '{ success: ExpectedRecursive<true>; message: ExpectedRecursive<string>; data: ExpectedRecursive<any[]>; meta?: ExpectedRecursive<Record<string, any> | undefined>; }'.
src/domains/store/categories/categories.controller.spec.ts(307,30): error TS2345: Argument of type '{ data: { id: number; name: string; state: string; stores: { id: number; name: string; }; }[]; message: string; }' is not assignable to parameter of type 'Expected<ErrorResponse | SuccessResponse<any[]>>'.
  Property 'success' is missing in type '{ data: { id: number; name: string; state: string; stores: { id: number; name: string; }; }[]; message: string; }' but required in type '{ success: ExpectedRecursive<true>; message: ExpectedRecursive<string>; data: ExpectedRecursive<any[]>; meta?: ExpectedRecursive<Record<string, any> | undefined>; }'.
src/domains/store/categories/categories.controller.spec.ts(331,30): error TS2345: Argument of type '{ error: string; message: string; statusCode: number; }' is not assignable to parameter of type 'Expected<ErrorResponse | SuccessResponse<any[]>>'.
  Property 'success' is missing in type '{ error: string; message: string; statusCode: number; }' but required in type '{ success: ExpectedRecursive<false>; message: ExpectedRecursive<string>; error: ExpectedRecursive<string | Record<string, any>>; statusCode?: ExpectedRecursive<...>; timestamp?: ExpectedRecursive<...>; }'.
src/domains/store/categories/categories.controller.spec.ts(360,30): error TS2345: Argument of type '{ data: { id: number; name: string; state: string; stores: { id: number; name: string; }; }; message: string; }' is not assignable to parameter of type 'Expected<ErrorResponse | SuccessResponse<any>>'.
  Property 'success' is missing in type '{ data: { id: number; name: string; state: string; stores: { id: number; name: string; }; }; message: string; }' but required in type '{ success: ExpectedRecursive<true>; message: ExpectedRecursive<string>; data: any; meta?: ExpectedRecursive<Record<string, any> | undefined>; }'.
src/domains/store/categories/categories.controller.spec.ts(390,30): error TS2345: Argument of type '{ data: { id: number; name: string; state: string; stores: { id: number; name: string; }; }; message: string; }' is not assignable to parameter of type 'Expected<ErrorResponse | SuccessResponse<any>>'.
  Property 'success' is missing in type '{ data: { id: number; name: string; state: string; stores: { id: number; name: string; }; }; message: string; }' but required in type '{ success: ExpectedRecursive<true>; message: ExpectedRecursive<string>; data: any; meta?: ExpectedRecursive<Record<string, any> | undefined>; }'.
src/domains/store/categories/categories.controller.spec.ts(411,30): error TS2345: Argument of type '{ error: string; message: string; statusCode: number; }' is not assignable to parameter of type 'Expected<ErrorResponse | SuccessResponse<any>>'.
  Property 'success' is missing in type '{ error: string; message: string; statusCode: number; }' but required in type '{ success: ExpectedRecursive<false>; message: ExpectedRecursive<string>; error: ExpectedRecursive<string | Record<string, any>>; statusCode?: ExpectedRecursive<...>; timestamp?: ExpectedRecursive<...>; }'.
src/domains/store/categories/categories.controller.spec.ts(451,30): error TS2345: Argument of type '{ data: { id: number; name: string; slug: string; description: string; state: string; stores: { id: number; name: string; }; }; message: string; }' is not assignable to parameter of type 'Expected<ErrorResponse | SuccessResponse<any>>'.
  Property 'success' is missing in type '{ data: { id: number; name: string; slug: string; description: string; state: string; stores: { id: number; name: string; }; }; message: string; }' but required in type '{ success: ExpectedRecursive<true>; message: ExpectedRecursive<string>; data: any; meta?: ExpectedRecursive<Record<string, any> | undefined>; }'.
src/domains/store/categories/categories.controller.spec.ts(485,30): error TS2345: Argument of type '{ error: string; message: string; statusCode: number; }' is not assignable to parameter of type 'Expected<ErrorResponse | SuccessResponse<any>>'.
  Property 'success' is missing in type '{ error: string; message: string; statusCode: number; }' but required in type '{ success: ExpectedRecursive<false>; message: ExpectedRecursive<string>; error: ExpectedRecursive<string | Record<string, any>>; statusCode?: ExpectedRecursive<...>; timestamp?: ExpectedRecursive<...>; }'.
src/domains/store/categories/categories.controller.spec.ts(527,30): error TS2345: Argument of type '{ data: { id: number; name: string; slug: string; description: string; image_url: string; state: string; stores: { id: number; name: string; }; }; message: string; }' is not assignable to parameter of type 'Expected<ErrorResponse | SuccessResponse<any>>'.
  Property 'success' is missing in type '{ data: { id: number; name: string; slug: string; description: string; image_url: string; state: string; stores: { id: number; name: string; }; }; message: string; }' but required in type '{ success: ExpectedRecursive<true>; message: ExpectedRecursive<string>; data: any; meta?: ExpectedRecursive<Record<string, any> | undefined>; }'.
src/domains/store/categories/categories.controller.spec.ts(553,30): error TS2345: Argument of type '{ message: string; }' is not assignable to parameter of type 'Expected<ErrorResponse | SuccessResponse<null>>'.
  Type '{ message: string; }' is missing the following properties from type '{ success: ExpectedRecursive<true>; message: ExpectedRecursive<string>; data: ExpectedRecursive<null>; meta?: ExpectedRecursive<Record<string, any> | undefined>; }': success, data
src/domains/store/categories/categories.controller.spec.ts(577,30): error TS2345: Argument of type '{ error: string; message: string; statusCode: number; }' is not assignable to parameter of type 'Expected<ErrorResponse | SuccessResponse<null>>'.
  Property 'success' is missing in type '{ error: string; message: string; statusCode: number; }' but required in type '{ success: ExpectedRecursive<false>; message: ExpectedRecursive<string>; error: ExpectedRecursive<string | Record<string, any>>; statusCode?: ExpectedRecursive<...>; timestamp?: ExpectedRecursive<...>; }'.
src/domains/store/categories/categories.controller.spec.ts(600,30): error TS2345: Argument of type '{ error: string; message: string; statusCode: number; }' is not assignable to parameter of type 'Expected<ErrorResponse | SuccessResponse<null>>'.
  Property 'success' is missing in type '{ error: string; message: string; statusCode: number; }' but required in type '{ success: ExpectedRecursive<false>; message: ExpectedRecursive<string>; error: ExpectedRecursive<string | Record<string, any>>; statusCode?: ExpectedRecursive<...>; timestamp?: ExpectedRecursive<...>; }'.
src/domains/store/categories/categories.service.spec.ts(3,36): error TS2307: Cannot find module '../../prisma/services/store-prisma.service' or its corresponding type declarations.
src/domains/store/categories/categories.service.spec.ts(26,22): error TS2304: Cannot find name 'PrismaService'.
src/domains/store/categories/categories.service.spec.ts(51,20): error TS2552: Cannot find name 'PrismaService'. Did you mean 'prismaService'?
src/domains/store/categories/categories.service.spec.ts(62,32): error TS2304: Cannot find name 'PrismaService'.
src/domains/store/categories/categories.service.spec.ts(62,47): error TS2552: Cannot find name 'PrismaService'. Did you mean 'prismaService'?
src/domains/store/categories/categories.service.spec.ts(340,49): error TS2339: Property 'rejects' does not exist on type 'Matchers<Promise<any>>'.
src/domains/store/categories/categories.service.spec.ts(343,49): error TS2339: Property 'rejects' does not exist on type 'Matchers<Promise<any>>'.
src/domains/store/categories/categories.service.spec.ts(473,9): error TS2339: Property 'rejects' does not exist on type 'Matchers<Promise<any>>'.
src/domains/store/categories/categories.service.spec.ts(512,30): error TS2339: Property 'any' does not exist on type '{ <T extends jasmine.Func>(spy: T | Spy<T>): FunctionMatchers<T>; (actual: string): Matchers<string>; <T>(actual: ArrayLike<T>): ArrayLikeMatchers<...>; <T>(actual: T): Matchers<...>; (): NothingMatcher; }'.
src/domains/store/categories/categories.service.spec.ts(535,54): error TS2339: Property 'rejects' does not exist on type 'Matchers<Promise<void>>'.
src/domains/store/categories/categories.service.spec.ts(538,54): error TS2339: Property 'rejects' does not exist on type 'Matchers<Promise<void>>'.
src/domains/store/categories/categories.service.spec.ts(549,54): error TS2339: Property 'rejects' does not exist on type 'Matchers<Promise<void>>'.
src/domains/store/categories/categories.service.spec.ts(589,9): error TS2339: Property 'resolves' does not exist on type 'Matchers<Promise<any>>'.
src/domains/store/categories/categories.service.spec.ts(630,9): error TS2339: Property 'rejects' does not exist on type 'Matchers<Promise<any>>'.
src/domains/store/categories/categories.service.spec.ts(633,9): error TS2339: Property 'rejects' does not exist on type 'Matchers<Promise<any>>'.
src/domains/store/inventory/services/inventory-validation.service.spec.ts(9,34): error TS2304: Cannot find name 'PrismaService'.
src/domains/store/inventory/services/inventory-validation.service.spec.ts(92,20): error TS2552: Cannot find name 'PrismaService'. Did you mean 'mockPrismaService'?
src/domains/store/inventory/services/inventory-validation.service.spec.ts(101,32): error TS2552: Cannot find name 'PrismaService'. Did you mean 'mockPrismaService'?
src/domains/store/inventory/services/inventory-validation.service.spec.ts(125,32): error TS2339: Property 'toHaveLength' does not exist on type 'FunctionMatchers<any>'.
src/domains/store/inventory/services/inventory-validation.service.spec.ts(209,16): error TS2339: Property 'objectContaining' does not exist on type '{ <T extends jasmine.Func>(spy: T | Spy<T>): FunctionMatchers<T>; (actual: string): Matchers<string>; <T>(actual: ArrayLike<T>): ArrayLikeMatchers<...>; <T>(actual: T): Matchers<...>; (): NothingMatcher; }'.
src/domains/store/inventory/services/inventory-validation.service.spec.ts(519,32): error TS2339: Property 'toHaveLength' does not exist on type 'FunctionMatchers<any>'.
src/domains/store/inventory/services/inventory-validation.service.spec.ts(580,32): error TS2339: Property 'toHaveLength' does not exist on type 'FunctionMatchers<any>'.
src/domains/store/inventory/shared/services/stock-level-manager.service.spec.ts(15,34): error TS2304: Cannot find name 'PrismaService'.
src/domains/store/inventory/shared/services/stock-level-manager.service.spec.ts(121,20): error TS2552: Cannot find name 'PrismaService'. Did you mean 'mockPrismaService'?
src/domains/store/inventory/shared/services/stock-level-manager.service.spec.ts(136,32): error TS2552: Cannot find name 'PrismaService'. Did you mean 'mockPrismaService'?
src/domains/store/inventory/shared/services/stock-level-manager.service.spec.ts(181,29): error TS2339: Property 'objectContaining' does not exist on type '{ <T extends jasmine.Func>(spy: T | Spy<T>): FunctionMatchers<T>; (actual: string): Matchers<string>; <T>(actual: ArrayLike<T>): ArrayLikeMatchers<...>; <T>(actual: T): Matchers<...>; (): NothingMatcher; }'.
src/domains/store/inventory/shared/services/stock-level-manager.service.spec.ts(191,16): error TS2339: Property 'objectContaining' does not exist on type '{ <T extends jasmine.Func>(spy: T | Spy<T>): FunctionMatchers<T>; (actual: string): Matchers<string>; <T>(actual: ArrayLike<T>): ArrayLikeMatchers<...>; <T>(actual: T): Matchers<...>; (): NothingMatcher; }'.
src/domains/store/inventory/shared/services/stock-level-manager.service.spec.ts(266,57): error TS2339: Property 'rejects' does not exist on type 'Matchers<Promise<StockUpdateResult>>'.
src/domains/store/inventory/shared/services/stock-level-manager.service.spec.ts(355,60): error TS2339: Property 'rejects' does not exist on type 'Matchers<Promise<StockUpdateResult>>'.
src/domains/store/inventory/shared/services/stock-level-manager.service.spec.ts(401,9): error TS2339: Property 'resolves' does not exist on type 'Matchers<Promise<void>>'.
src/domains/store/inventory/shared/services/stock-level-manager.service.spec.ts(404,22): error TS2339: Property 'objectContaining' does not exist on type '{ <T extends jasmine.Func>(spy: T | Spy<T>): FunctionMatchers<T>; (actual: string): Matchers<string>; <T>(actual: ArrayLike<T>): ArrayLikeMatchers<...>; <T>(actual: T): Matchers<...>; (): NothingMatcher; }'.
src/domains/store/inventory/shared/services/stock-level-manager.service.spec.ts(447,9): error TS2339: Property 'rejects' does not exist on type 'Matchers<Promise<void>>'.
src/domains/store/inventory/shared/services/stock-level-manager.service.spec.ts(485,9): error TS2339: Property 'resolves' does not exist on type 'Matchers<Promise<void>>'.
src/domains/store/inventory/shared/services/stock-level-manager.service.spec.ts(488,22): error TS2339: Property 'objectContaining' does not exist on type '{ <T extends jasmine.Func>(spy: T | Spy<T>): FunctionMatchers<T>; (actual: string): Matchers<string>; <T>(actual: ArrayLike<T>): ArrayLikeMatchers<...>; <T>(actual: T): Matchers<...>; (): NothingMatcher; }'.
src/domains/store/inventory/shared/services/stock-level-manager.service.spec.ts(549,9): error TS2339: Property 'resolves' does not exist on type 'Matchers<Promise<void>>'.
src/domains/store/inventory/shared/services/stock-level-manager.service.spec.ts(553,56): error TS2339: Property 'any' does not exist on type '{ <T extends jasmine.Func>(spy: T | Spy<T>): FunctionMatchers<T>; (actual: string): Matchers<string>; <T>(actual: ArrayLike<T>): ArrayLikeMatchers<...>; <T>(actual: T): Matchers<...>; (): NothingMatcher; }'.
src/domains/store/inventory/shared/services/stock-level-manager.service.spec.ts(567,32): error TS2339: Property 'any' does not exist on type '{ <T extends jasmine.Func>(spy: T | Spy<T>): FunctionMatchers<T>; (actual: string): Matchers<string>; <T>(actual: ArrayLike<T>): ArrayLikeMatchers<...>; <T>(actual: T): Matchers<...>; (): NothingMatcher; }'.
src/domains/store/inventory/shared/services/stock-level-manager.service.spec.ts(568,30): error TS2339: Property 'any' does not exist on type '{ <T extends jasmine.Func>(spy: T | Spy<T>): FunctionMatchers<T>; (actual: string): Matchers<string>; <T>(actual: ArrayLike<T>): ArrayLikeMatchers<...>; <T>(actual: T): Matchers<...>; (): NothingMatcher; }'.
src/domains/store/inventory/shared/services/stock-level-manager.service.spec.ts(592,9): error TS2339: Property 'resolves' does not exist on type 'Matchers<Promise<void>>'.
src/domains/store/inventory/shared/services/stock-level-manager.service.spec.ts(745,22): error TS2339: Property 'toHaveLength' does not exist on type 'ArrayLikeMatchers<any>'.
src/domains/store/inventory/shared/services/stock-level-manager.service.spec.ts(768,22): error TS2339: Property 'toHaveLength' does not exist on type 'ArrayLikeMatchers<any>'.
src/domains/store/inventory/shared/services/stock-level-manager.service.spec.ts(852,9): error TS2339: Property 'rejects' does not exist on type 'Matchers<Promise<StockUpdateResult>>'.
src/domains/store/inventory/shared/services/stock-level-manager.service.spec.ts(876,9): error TS2339: Property 'rejects' does not exist on type 'Matchers<Promise<StockUpdateResult>>'.
src/domains/store/inventory/shared/services/stock-level-manager.service.spec.ts(910,22): error TS2339: Property 'objectContaining' does not exist on type '{ <T extends jasmine.Func>(spy: T | Spy<T>): FunctionMatchers<T>; (actual: string): Matchers<string>; <T>(actual: ArrayLike<T>): ArrayLikeMatchers<...>; <T>(actual: T): Matchers<...>; (): NothingMatcher; }'.
src/domains/store/inventory/shared/services/stock-level-manager.service.spec.ts(947,16): error TS2339: Property 'objectContaining' does not exist on type '{ <T extends jasmine.Func>(spy: T | Spy<T>): FunctionMatchers<T>; (actual: string): Matchers<string>; <T>(actual: ArrayLike<T>): ArrayLikeMatchers<...>; <T>(actual: T): Matchers<...>; (): NothingMatcher; }'.
src/domains/store/inventory/shared/services/stock-level-manager.service.spec.ts(950,16): error TS2339: Property 'any' does not exist on type '{ <T extends jasmine.Func>(spy: T | Spy<T>): FunctionMatchers<T>; (actual: string): Matchers<string>; <T>(actual: ArrayLike<T>): ArrayLikeMatchers<...>; <T>(actual: T): Matchers<...>; (): NothingMatcher; }'.
src/domains/store/inventory/stock-levels/stock-levels.controller.spec.ts(148,27): error TS2339: Property 'any' does not exist on type '{ <T extends jasmine.Func>(spy: T | Spy<T>): FunctionMatchers<T>; (actual: string): Matchers<string>; <T>(actual: ArrayLike<T>): ArrayLikeMatchers<...>; <T>(actual: T): Matchers<...>; (): NothingMatcher; }'.
src/domains/store/inventory/stock-levels/stock-levels.controller.spec.ts(175,27): error TS2339: Property 'any' does not exist on type '{ <T extends jasmine.Func>(spy: T | Spy<T>): FunctionMatchers<T>; (actual: string): Matchers<string>; <T>(actual: ArrayLike<T>): ArrayLikeMatchers<...>; <T>(actual: T): Matchers<...>; (): NothingMatcher; }'.
src/domains/store/inventory/stock-levels/stock-levels.controller.spec.ts(239,27): error TS2339: Property 'any' does not exist on type '{ <T extends jasmine.Func>(spy: T | Spy<T>): FunctionMatchers<T>; (actual: string): Matchers<string>; <T>(actual: ArrayLike<T>): ArrayLikeMatchers<...>; <T>(actual: T): Matchers<...>; (): NothingMatcher; }'.
src/domains/store/inventory/stock-levels/stock-levels.controller.spec.ts(307,27): error TS2339: Property 'any' does not exist on type '{ <T extends jasmine.Func>(spy: T | Spy<T>): FunctionMatchers<T>; (actual: string): Matchers<string>; <T>(actual: ArrayLike<T>): ArrayLikeMatchers<...>; <T>(actual: T): Matchers<...>; (): NothingMatcher; }'.
src/domains/store/inventory/stock-levels/stock-levels.controller.spec.ts(381,27): error TS2339: Property 'any' does not exist on type '{ <T extends jasmine.Func>(spy: T | Spy<T>): FunctionMatchers<T>; (actual: string): Matchers<string>; <T>(actual: ArrayLike<T>): ArrayLikeMatchers<...>; <T>(actual: T): Matchers<...>; (): NothingMatcher; }'.
src/domains/store/inventory/stock-levels/stock-levels.controller.spec.ts(441,27): error TS2339: Property 'any' does not exist on type '{ <T extends jasmine.Func>(spy: T | Spy<T>): FunctionMatchers<T>; (actual: string): Matchers<string>; <T>(actual: ArrayLike<T>): ArrayLikeMatchers<...>; <T>(actual: T): Matchers<...>; (): NothingMatcher; }'.
src/domains/store/inventory/stock-levels/stock-levels.controller.spec.ts(509,27): error TS2339: Property 'any' does not exist on type '{ <T extends jasmine.Func>(spy: T | Spy<T>): FunctionMatchers<T>; (actual: string): Matchers<string>; <T>(actual: ArrayLike<T>): ArrayLikeMatchers<...>; <T>(actual: T): Matchers<...>; (): NothingMatcher; }'.
src/domains/store/inventory/stock-levels/stock-levels.controller.spec.ts(529,27): error TS2339: Property 'any' does not exist on type '{ <T extends jasmine.Func>(spy: T | Spy<T>): FunctionMatchers<T>; (actual: string): Matchers<string>; <T>(actual: ArrayLike<T>): ArrayLikeMatchers<...>; <T>(actual: T): Matchers<...>; (): NothingMatcher; }'.
src/domains/store/inventory/stock-levels/stock-levels.controller.spec.ts(546,27): error TS2339: Property 'any' does not exist on type '{ <T extends jasmine.Func>(spy: T | Spy<T>): FunctionMatchers<T>; (actual: string): Matchers<string>; <T>(actual: ArrayLike<T>): ArrayLikeMatchers<...>; <T>(actual: T): Matchers<...>; (): NothingMatcher; }'.
src/domains/store/inventory/stock-levels/stock-levels.controller.spec.ts(564,27): error TS2339: Property 'any' does not exist on type '{ <T extends jasmine.Func>(spy: T | Spy<T>): FunctionMatchers<T>; (actual: string): Matchers<string>; <T>(actual: ArrayLike<T>): ArrayLikeMatchers<...>; <T>(actual: T): Matchers<...>; (): NothingMatcher; }'.
src/domains/store/orders/orders.controller.spec.ts(180,22): error TS2339: Property 'toMatchObject' does not exist on type 'Matchers<ErrorResponse | SuccessResponse<any>>'.
src/domains/store/payments/payment-gateway.service.spec.ts(4,36): error TS2307: Cannot find module '../../prisma/services/store-prisma.service' or its corresponding type declarations.
src/domains/store/payments/payment-gateway.service.spec.ts(16,15): error TS2304: Cannot find name 'PrismaService'.
src/domains/store/payments/payment-gateway.service.spec.ts(72,20): error TS2304: Cannot find name 'PrismaService'.
src/domains/store/payments/payment-gateway.service.spec.ts(83,25): error TS2304: Cannot find name 'PrismaService'.
src/domains/store/payments/payment-gateway.service.spec.ts(83,40): error TS2304: Cannot find name 'PrismaService'.
src/domains/store/payments/payment-validator.service.spec.ts(3,36): error TS2307: Cannot find module '../../prisma/services/store-prisma.service' or its corresponding type declarations.
src/domains/store/payments/payment-validator.service.spec.ts(8,15): error TS2304: Cannot find name 'PrismaService'.
src/domains/store/payments/payment-validator.service.spec.ts(36,20): error TS2304: Cannot find name 'PrismaService'.
src/domains/store/payments/payment-validator.service.spec.ts(43,25): error TS2304: Cannot find name 'PrismaService'.
src/domains/store/payments/payment-validator.service.spec.ts(43,40): error TS2304: Cannot find name 'PrismaService'.
src/domains/store/payments/payments.controller.spec.ts(90,30): error TS2345: Argument of type '{ success: boolean; data: { success: boolean; transactionId: string; status: "succeeded"; message: string; }; message: string; }' is not assignable to parameter of type 'Expected<SuccessResponse<{ success: boolean; data: PaymentResult; message: string; }>>'.
  Type '{ success: boolean; data: { success: boolean; transactionId: string; status: "succeeded"; message: string; }; message: string; }' is not assignable to type 'SuccessResponse<{ success: boolean; data: PaymentResult; message: string; }> | { success: ExpectedRecursive<true>; message: ExpectedRecursive<string>; data: ExpectedRecursive<...>; meta?: ExpectedRecursive<...>; }'.
    Type '{ success: boolean; data: { success: boolean; transactionId: string; status: "succeeded"; message: string; }; message: string; }' is not assignable to type '{ success: ExpectedRecursive<true>; message: ExpectedRecursive<string>; data: ExpectedRecursive<{ success: boolean; data: PaymentResult; message: string; }>; meta?: ExpectedRecursive<...>; }'.
      Types of property 'success' are incompatible.
        Type 'boolean' is not assignable to type 'ExpectedRecursive<true>'.
src/domains/store/payments/payments.controller.spec.ts(155,30): error TS2345: Argument of type '{ success: boolean; data: { success: boolean; transactionId: string; status: "succeeded"; message: string; }; message: string; }' is not assignable to parameter of type 'Expected<SuccessResponse<{ success: boolean; data: PaymentResult; message: string; }>>'.
  Type '{ success: boolean; data: { success: boolean; transactionId: string; status: "succeeded"; message: string; }; message: string; }' is not assignable to type 'SuccessResponse<{ success: boolean; data: PaymentResult; message: string; }> | { success: ExpectedRecursive<true>; message: ExpectedRecursive<string>; data: ExpectedRecursive<...>; meta?: ExpectedRecursive<...>; }'.
    Type '{ success: boolean; data: { success: boolean; transactionId: string; status: "succeeded"; message: string; }; message: string; }' is not assignable to type '{ success: ExpectedRecursive<true>; message: ExpectedRecursive<string>; data: ExpectedRecursive<{ success: boolean; data: PaymentResult; message: string; }>; meta?: ExpectedRecursive<...>; }'.
      Types of property 'success' are incompatible.
        Type 'boolean' is not assignable to type 'ExpectedRecursive<true>'.
src/domains/store/payments/payments.controller.spec.ts(192,30): error TS2345: Argument of type '{ success: boolean; data: { success: boolean; refundId: string; amount: number; status: "succeeded"; message: string; }; message: string; }' is not assignable to parameter of type 'Expected<SuccessResponse<{ success: boolean; data: RefundResult; message: string; }>>'.
  Type '{ success: boolean; data: { success: boolean; refundId: string; amount: number; status: "succeeded"; message: string; }; message: string; }' is not assignable to type 'SuccessResponse<{ success: boolean; data: RefundResult; message: string; }> | { success: ExpectedRecursive<true>; message: ExpectedRecursive<string>; data: ExpectedRecursive<...>; meta?: ExpectedRecursive<...>; }'.
    Type '{ success: boolean; data: { success: boolean; refundId: string; amount: number; status: "succeeded"; message: string; }; message: string; }' is not assignable to type '{ success: ExpectedRecursive<true>; message: ExpectedRecursive<string>; data: ExpectedRecursive<{ success: boolean; data: RefundResult; message: string; }>; meta?: ExpectedRecursive<...>; }'.
      Types of property 'success' are incompatible.
        Type 'boolean' is not assignable to type 'ExpectedRecursive<true>'.
src/domains/store/payments/payments.controller.spec.ts(220,30): error TS2345: Argument of type '{ success: boolean; data: { status: "succeeded"; transactionId: string; paidAt: Date; }; }' is not assignable to parameter of type 'Expected<SuccessResponse<{ success: boolean; data: PaymentStatus; }>>'.
  Type '{ success: boolean; data: { status: "succeeded"; transactionId: string; paidAt: Date; }; }' is not assignable to type 'SuccessResponse<{ success: boolean; data: PaymentStatus; }> | { success: ExpectedRecursive<true>; message: ExpectedRecursive<string>; data: ExpectedRecursive<...>; meta?: ExpectedRecursive<...>; }'.
    Property 'message' is missing in type '{ success: boolean; data: { status: "succeeded"; transactionId: string; paidAt: Date; }; }' but required in type '{ success: ExpectedRecursive<true>; message: ExpectedRecursive<string>; data: ExpectedRecursive<{ success: boolean; data: PaymentStatus; }>; meta?: ExpectedRecursive<...>; }'.
src/domains/store/payments/payments.controller.spec.ts(256,30): error TS2345: Argument of type '{ data: { id: number; transaction_id: string; amount: number; currency: string; state: "succeeded"; created_at: Date; }[]; pagination: { total: number; page: number; limit: number; totalPages: number; }; }' is not assignable to parameter of type 'Expected<SuccessResponse<{ data: any; pagination: { total: any; page: number; limit: number; totalPages: number; }; }>>'.
  Type '{ data: { id: number; transaction_id: string; amount: number; currency: string; state: "succeeded"; created_at: Date; }[]; pagination: { total: number; page: number; limit: number; totalPages: number; }; }' is missing the following properties from type '{ success: ExpectedRecursive<true>; message: ExpectedRecursive<string>; data: ExpectedRecursive<{ data: any; pagination: { total: any; page: number; limit: number; totalPages: number; }; }>; meta?: ExpectedRecursive<...>; }': success, message
src/domains/store/payments/payments.controller.spec.ts(283,30): error TS2345: Argument of type '{ data: { id: number; transaction_id: string; amount: number; currency: string; state: "succeeded"; created_at: Date; }; }' is not assignable to parameter of type 'Expected<SuccessResponse<{ data: any; }>>'.
  Type '{ data: { id: number; transaction_id: string; amount: number; currency: string; state: "succeeded"; created_at: Date; }; }' is missing the following properties from type '{ success: ExpectedRecursive<true>; message: ExpectedRecursive<string>; data: ExpectedRecursive<{ data: any; }>; meta?: ExpectedRecursive<Record<...> | undefined>; }': success, message
src/domains/store/payments/payments.service.spec.ts(9,36): error TS2307: Cannot find module '../../prisma/services/store-prisma.service' or its corresponding type declarations.
src/domains/store/payments/payments.service.spec.ts(16,15): error TS2304: Cannot find name 'PrismaService'.
src/domains/store/payments/payments.service.spec.ts(73,20): error TS2304: Cannot find name 'PrismaService'.
src/domains/store/payments/payments.service.spec.ts(95,25): error TS2304: Cannot find name 'PrismaService'.
src/domains/store/payments/payments.service.spec.ts(95,40): error TS2304: Cannot find name 'PrismaService'.
src/domains/store/payments/services/store-payment-methods.service.spec.ts(8,15): error TS2304: Cannot find name 'PrismaService'.
src/domains/store/payments/services/store-payment-methods.service.spec.ts(74,20): error TS2304: Cannot find name 'PrismaService'.
src/domains/store/payments/services/store-payment-methods.service.spec.ts(83,25): error TS2304: Cannot find name 'PrismaService'.
src/domains/store/payments/services/store-payment-methods.service.spec.ts(83,40): error TS2304: Cannot find name 'PrismaService'.
src/domains/store/payments/services/store-payment-methods.service.spec.ts(99,55): error TS2554: Expected 0 arguments, but got 2.
src/domains/store/payments/services/store-payment-methods.service.spec.ts(124,57): error TS2554: Expected 2 arguments, but got 4.
src/domains/store/payments/services/store-payment-methods.service.spec.ts(126,30): error TS2345: Argument of type '{ id: number; store_id: number; system_payment_method_id: number; display_name: string; state: string; display_order: number; created_at: Date; updated_at: Date; system_payment_method: { ...; }; }' is not assignable to parameter of type 'Expected<{ system_payment_method: { id: number; display_name: string; min_amount: Decimal | null; max_amount: Decimal | null; created_at: Date; updated_at: Date; ... 11 more ...; processing_fee_value: Decimal | null; }; } & { ...; }>'.
  Type '{ id: number; store_id: number; system_payment_method_id: number; display_name: string; state: string; display_order: number; created_at: Date; updated_at: Date; system_payment_method: { ...; }; }' is missing the following properties from type '{ system_payment_method: ExpectedRecursive<{ id: number; display_name: string; min_amount: Decimal | null; max_amount: Decimal | null; created_at: Date; updated_at: Date; ... 11 more ...; processing_fee_value: Decimal | null; }>; ... 10 more ...; updated_at: ExpectedRecursive<...>; }': custom_config, min_amount, max_amount
src/domains/store/payments/services/store-payment-methods.service.spec.ts(140,46): error TS2554: Expected 2 arguments, but got 4.
src/domains/store/payments/services/store-payment-methods.service.spec.ts(160,44): error TS2554: Expected 2 arguments, but got 4.
src/domains/store/payments/services/store-payment-methods.service.spec.ts(182,60): error TS2554: Expected 2 arguments, but got 4.
src/domains/store/payments/services/store-payment-methods.service.spec.ts(203,55): error TS2554: Expected 1 arguments, but got 3.
src/domains/store/payments/services/system-payment-methods.service.spec.ts(10,15): error TS2304: Cannot find name 'PrismaService'.
src/domains/store/payments/services/system-payment-methods.service.spec.ts(64,20): error TS2304: Cannot find name 'PrismaService'.
src/domains/store/payments/services/system-payment-methods.service.spec.ts(73,25): error TS2304: Cannot find name 'PrismaService'.
src/domains/store/payments/services/system-payment-methods.service.spec.ts(73,40): error TS2304: Cannot find name 'PrismaService'.
src/domains/store/payments/webhook-handler.service.spec.ts(3,36): error TS2307: Cannot find module '../../prisma/services/store-prisma.service' or its corresponding type declarations.
src/domains/store/payments/webhook-handler.service.spec.ts(8,15): error TS2304: Cannot find name 'PrismaService'.
src/domains/store/payments/webhook-handler.service.spec.ts(47,20): error TS2304: Cannot find name 'PrismaService'.
src/domains/store/payments/webhook-handler.service.spec.ts(54,25): error TS2304: Cannot find name 'PrismaService'.
src/domains/store/payments/webhook-handler.service.spec.ts(54,40): error TS2304: Cannot find name 'PrismaService'.
src/domains/store/products/products-bulk.controller.spec.ts(125,30): error TS2345: Argument of type '{ data: { success: boolean; total_processed: number; successful: number; failed: number; results: { product: { id: number; name: string; slug: string; base_price: number; state: string; }; status: string; message: string; }[]; }; message: string; }' is not assignable to parameter of type 'Expected<ErrorResponse | SuccessResponse<BulkUploadResultDto>>'.
  Property 'success' is missing in type '{ data: { success: boolean; total_processed: number; successful: number; failed: number; results: { product: { id: number; name: string; slug: string; base_price: number; state: string; }; status: string; message: string; }[]; }; message: string; }' but required in type '{ success: ExpectedRecursive<true>; message: ExpectedRecursive<string>; data: ExpectedRecursive<BulkUploadResultDto>; meta?: ExpectedRecursive<...>; }'.
src/domains/store/products/products-bulk.controller.spec.ts(191,30): error TS2345: Argument of type '{ data: { success: boolean; total_processed: number; successful: number; failed: number; results: ({ product: { id: number; name: string; slug: string; base_price: number; state: string; }; status: string; message: string; error?: undefined; } | { ...; })[]; }; message: string; }' is not assignable to parameter of type 'Expected<ErrorResponse | SuccessResponse<BulkUploadResultDto>>'.
  Property 'success' is missing in type '{ data: { success: boolean; total_processed: number; successful: number; failed: number; results: ({ product: { id: number; name: string; slug: string; base_price: number; state: string; }; status: string; message: string; error?: undefined; } | { ...; })[]; }; message: string; }' but required in type '{ success: ExpectedRecursive<true>; message: ExpectedRecursive<string>; data: ExpectedRecursive<BulkUploadResultDto>; meta?: ExpectedRecursive<...>; }'.
src/domains/store/products/products-bulk.controller.spec.ts(224,30): error TS2345: Argument of type '{ error: string; message: string; statusCode: number; }' is not assignable to parameter of type 'Expected<ErrorResponse | SuccessResponse<BulkUploadResultDto>>'.
  Property 'success' is missing in type '{ error: string; message: string; statusCode: number; }' but required in type '{ success: ExpectedRecursive<false>; message: ExpectedRecursive<string>; error: ExpectedRecursive<string | Record<string, any>>; statusCode?: ExpectedRecursive<...>; timestamp?: ExpectedRecursive<...>; }'.
src/domains/store/products/products-bulk.controller.spec.ts(258,30): error TS2345: Argument of type '{ error: string; message: string; statusCode: number; }' is not assignable to parameter of type 'Expected<ErrorResponse | SuccessResponse<BulkUploadResultDto>>'.
  Property 'success' is missing in type '{ error: string; message: string; statusCode: number; }' but required in type '{ success: ExpectedRecursive<false>; message: ExpectedRecursive<string>; error: ExpectedRecursive<string | Record<string, any>>; statusCode?: ExpectedRecursive<...>; timestamp?: ExpectedRecursive<...>; }'.
src/domains/store/products/products-bulk.controller.spec.ts(292,30): error TS2345: Argument of type '{ data: { success: boolean; total_processed: number; successful: number; failed: number; results: never[]; }; message: string; }' is not assignable to parameter of type 'Expected<ErrorResponse | SuccessResponse<BulkUploadResultDto>>'.
  Property 'success' is missing in type '{ data: { success: boolean; total_processed: number; successful: number; failed: number; results: never[]; }; message: string; }' but required in type '{ success: ExpectedRecursive<true>; message: ExpectedRecursive<string>; data: ExpectedRecursive<BulkUploadResultDto>; meta?: ExpectedRecursive<...>; }'.
src/domains/store/products/products-bulk.controller.spec.ts(333,39): error TS2339: Property 'validateProducts' does not exist on type 'ProductsBulkController'.
src/domains/store/products/products-bulk.controller.spec.ts(376,39): error TS2339: Property 'validateProducts' does not exist on type 'ProductsBulkController'.
src/domains/store/products/products-bulk.controller.spec.ts(409,39): error TS2339: Property 'validateProducts' does not exist on type 'ProductsBulkController'.
src/domains/store/products/products-bulk.controller.spec.ts(459,39): error TS2339: Property 'getTemplate' does not exist on type 'ProductsBulkController'.
src/domains/store/products/products-bulk.controller.spec.ts(480,39): error TS2339: Property 'getTemplate' does not exist on type 'ProductsBulkController'.
src/domains/store/products/products-bulk.controller.spec.ts(511,39): error TS2554: Expected 2 arguments, but got 0.
src/domains/store/products/products-bulk.controller.spec.ts(513,22): error TS2339: Property 'toHaveProperty' does not exist on type 'Matchers<void>'.
src/domains/store/products/products-bulk.controller.spec.ts(531,39): error TS2554: Expected 2 arguments, but got 0.
src/domains/store/products/products-bulk.controller.spec.ts(533,30): error TS2345: Argument of type '{ error: string; message: string; statusCode: number; }' is not assignable to parameter of type 'Expected<void>'.
src/domains/store/products/products-bulk.controller.spec.ts(595,30): error TS2345: Argument of type '{ data: { success: boolean; total_processed: number; successful: number; failed: number; results: { product: { id: number; name: string; slug: string; base_price: number; state: string; }; status: string; message: string; }[]; }; message: string; }' is not assignable to parameter of type 'Expected<ErrorResponse | SuccessResponse<BulkUploadResultDto> | SuccessResponse<BulkValidationResultDto>>'.
  Property 'success' is missing in type '{ data: { success: boolean; total_processed: number; successful: number; failed: number; results: { product: { id: number; name: string; slug: string; base_price: number; state: string; }; status: string; message: string; }[]; }; message: string; }' but required in type '{ success: ExpectedRecursive<true>; message: ExpectedRecursive<string>; data: ExpectedRecursive<BulkValidationResultDto>; meta?: ExpectedRecursive<...>; }'.
src/domains/store/products/products-bulk.controller.spec.ts(623,30): error TS2345: Argument of type '{ error: string; message: string; statusCode: number; }' is not assignable to parameter of type 'Expected<ErrorResponse | SuccessResponse<BulkUploadResultDto> | SuccessResponse<BulkValidationResultDto>>'.
  Property 'success' is missing in type '{ error: string; message: string; statusCode: number; }' but required in type '{ success: ExpectedRecursive<false>; message: ExpectedRecursive<string>; error: ExpectedRecursive<string | Record<string, any>>; statusCode?: ExpectedRecursive<...>; timestamp?: ExpectedRecursive<...>; }'.
src/domains/store/products/products-bulk.controller.spec.ts(651,30): error TS2345: Argument of type '{ error: string; message: string; statusCode: number; }' is not assignable to parameter of type 'Expected<ErrorResponse | SuccessResponse<BulkUploadResultDto> | SuccessResponse<BulkValidationResultDto>>'.
  Property 'success' is missing in type '{ error: string; message: string; statusCode: number; }' but required in type '{ success: ExpectedRecursive<false>; message: ExpectedRecursive<string>; error: ExpectedRecursive<string | Record<string, any>>; statusCode?: ExpectedRecursive<...>; timestamp?: ExpectedRecursive<...>; }'.
src/domains/store/products/products-bulk.controller.spec.ts(679,30): error TS2345: Argument of type '{ error: string; message: string; statusCode: number; }' is not assignable to parameter of type 'Expected<ErrorResponse | SuccessResponse<BulkUploadResultDto> | SuccessResponse<BulkValidationResultDto>>'.
  Property 'success' is missing in type '{ error: string; message: string; statusCode: number; }' but required in type '{ success: ExpectedRecursive<false>; message: ExpectedRecursive<string>; error: ExpectedRecursive<string | Record<string, any>>; statusCode?: ExpectedRecursive<...>; timestamp?: ExpectedRecursive<...>; }'.
src/domains/store/products/products-bulk.service.spec.ts(3,36): error TS2307: Cannot find module '../../prisma/services/store-prisma.service' or its corresponding type declarations.
src/domains/store/products/products-bulk.service.spec.ts(26,22): error TS2304: Cannot find name 'PrismaService'.
src/domains/store/products/products-bulk.service.spec.ts(99,20): error TS2304: Cannot find name 'PrismaService'.
src/domains/store/products/products-bulk.service.spec.ts(126,32): error TS2304: Cannot find name 'PrismaService'.
src/domains/store/products/products-bulk.service.spec.ts(126,47): error TS2304: Cannot find name 'PrismaService'.
src/domains/store/products/products-bulk.service.spec.ts(361,9): error TS2339: Property 'rejects' does not exist on type 'Matchers<Promise<BulkUploadResultDto>>'.
src/domains/store/products/products-bulk.service.spec.ts(504,29): error TS2339: Property 'toHaveLength' does not exist on type 'ArrayLikeMatchers<string>'.
src/domains/store/products/products-bulk.service.spec.ts(505,36): error TS2339: Property 'toHaveLength' does not exist on type 'ArrayLikeMatchers<BulkProductItemDto>'.
src/domains/store/products/products-bulk.service.spec.ts(525,29): error TS2339: Property 'toHaveLength' does not exist on type 'ArrayLikeMatchers<string>'.
src/domains/store/products/products-bulk.service.spec.ts(586,22): error TS2339: Property 'toHaveProperty' does not exist on type 'Matchers<BulkUploadTemplateDto>'.
src/domains/store/products/products-bulk.service.spec.ts(587,22): error TS2339: Property 'toHaveProperty' does not exist on type 'Matchers<BulkUploadTemplateDto>'.
src/domains/store/products/products-bulk.service.spec.ts(588,22): error TS2339: Property 'toHaveProperty' does not exist on type 'Matchers<BulkUploadTemplateDto>'.
src/domains/store/products/products.controller.spec.ts(14,3): error TS2724: '"./dto"' has no exported member named 'CreateProductWithVariantsDto'. Did you mean 'CreateProductVariantDto'?
src/domains/store/products/products.controller.spec.ts(122,9): error TS2322: Type '{ state: ProductState; created_at: Date; store_id?: number; brand_id?: number; name: string; slug?: string; description?: string; base_price: number; sku?: string; stock_quantity?: number; ... 21 more ...; id: number; }' is not assignable to type 'ExpectedRecursive<void>'.
src/domains/store/products/products.controller.spec.ts(364,22): error TS2339: Property 'updateVariant' does not exist on type 'ProductsService'.
src/domains/store/products/products.controller.spec.ts(376,22): error TS2339: Property 'removeVariant' does not exist on type 'ProductsService'.
src/domains/store/products/products.service.spec.ts(3,36): error TS2307: Cannot find module '../../prisma/services/store-prisma.service' or its corresponding type declarations.
src/domains/store/products/products.service.spec.ts(28,22): error TS2304: Cannot find name 'PrismaService'.
src/domains/store/products/products.service.spec.ts(115,20): error TS2304: Cannot find name 'PrismaService'.
src/domains/store/products/products.service.spec.ts(154,32): error TS2304: Cannot find name 'PrismaService'.
src/domains/store/products/products.service.spec.ts(154,47): error TS2304: Cannot find name 'PrismaService'.
src/domains/store/products/products.service.spec.ts(213,22): error TS2339: Property 'objectContaining' does not exist on type '{ <T extends jasmine.Func>(spy: T | Spy<T>): FunctionMatchers<T>; (actual: string): Matchers<string>; <T>(actual: ArrayLike<T>): ArrayLikeMatchers<...>; <T>(actual: T): Matchers<...>; (): NothingMatcher; }'.
src/domains/store/products/products.service.spec.ts(274,54): error TS2339: Property 'rejects' does not exist on type 'Matchers<Promise<void>>'.
src/domains/store/products/products.service.spec.ts(369,23): error TS2339: Property 'objectContaining' does not exist on type '{ <T extends jasmine.Func>(spy: T | Spy<T>): FunctionMatchers<T>; (actual: string): Matchers<string>; <T>(actual: ArrayLike<T>): ArrayLikeMatchers<...>; <T>(actual: T): Matchers<...>; (): NothingMatcher; }'.
src/domains/store/products/products.service.spec.ts(376,25): error TS2339: Property 'any' does not exist on type '{ <T extends jasmine.Func>(spy: T | Spy<T>): FunctionMatchers<T>; (actual: string): Matchers<string>; <T>(actual: ArrayLike<T>): ArrayLikeMatchers<...>; <T>(actual: T): Matchers<...>; (): NothingMatcher; }'.
src/domains/store/products/products.service.spec.ts(405,39): error TS2339: Property 'toHaveLength' does not exist on type 'FunctionMatchers<any>'.
src/domains/store/products/products.service.spec.ts(425,30): error TS2345: Argument of type '{ id: number; name: string; base_price: number; state: ProductState; variants: never[]; images: never[]; categories: never[]; }' is not assignable to parameter of type 'Expected<{ id: any; name: any; slug: any; description: any; base_price: any; sale_price: any; is_on_sale: any; final_price: number; sku: any; cost_price: any; image_url: string | undefined; brand: any; categories: any; ... 11 more ...; stores: any; }>'.
  Type '{ id: number; name: string; base_price: number; state: ProductState; variants: never[]; images: never[]; categories: never[]; }' is missing the following properties from type '{ id: any; name: any; slug: any; description: any; base_price: any; sale_price: any; is_on_sale: any; final_price: ExpectedRecursive<number>; sku: any; cost_price: any; image_url: ExpectedRecursive<...>; ... 13 more ...; stores: any; }': slug, description, sale_price, is_on_sale, and 17 more.
src/domains/store/products/products.service.spec.ts(428,25): error TS2339: Property 'any' does not exist on type '{ <T extends jasmine.Func>(spy: T | Spy<T>): FunctionMatchers<T>; (actual: string): Matchers<string>; <T>(actual: ArrayLike<T>): ArrayLikeMatchers<...>; <T>(actual: T): Matchers<...>; (): NothingMatcher; }'.
src/domains/store/products/products.service.spec.ts(435,42): error TS2339: Property 'rejects' does not exist on type 'Matchers<Promise<{ id: any; name: any; slug: any; description: any; base_price: any; sale_price: any; is_on_sale: any; final_price: number; sku: any; cost_price: any; image_url: string | undefined; brand: any; categories: any; ... 11 more ...; stores: any; }>>'.
src/domains/store/products/products.service.spec.ts(466,30): error TS2345: Argument of type '{ brand_id?: number; name: string; slug?: string; description?: string; base_price: number; sku?: string; stock_quantity?: number; price?: number; cost_price?: number; profit_margin?: number; ... 10 more ...; id: number; }' is not assignable to parameter of type 'Expected<{ id: any; name: any; slug: any; description: any; base_price: any; sale_price: any; is_on_sale: any; final_price: number; sku: any; cost_price: any; image_url: string | undefined; brand: any; categories: any; ... 11 more ...; stores: any; }>'.
  Type '{ brand_id?: number | undefined; name: string; slug?: string | undefined; description?: string | undefined; base_price: number; sku?: string | undefined; stock_quantity?: number | undefined; ... 13 more ...; id: number; }' is missing the following properties from type '{ id: any; name: any; slug: any; description: any; base_price: any; sale_price: any; is_on_sale: any; final_price: ExpectedRecursive<number>; sku: any; cost_price: any; image_url: ExpectedRecursive<...>; ... 13 more ...; stores: any; }': final_price, image_url, brand, categories, and 10 more.
src/domains/store/products/products.service.spec.ts(469,22): error TS2339: Property 'objectContaining' does not exist on type '{ <T extends jasmine.Func>(spy: T | Spy<T>): FunctionMatchers<T>; (actual: string): Matchers<string>; <T>(actual: ArrayLike<T>): ArrayLikeMatchers<...>; <T>(actual: T): Matchers<...>; (): NothingMatcher; }'.
src/domains/store/products/products.service.spec.ts(479,52): error TS2339: Property 'rejects' does not exist on type 'Matchers<Promise<{ id: any; name: any; slug: any; description: any; base_price: any; sale_price: any; is_on_sale: any; final_price: number; sku: any; cost_price: any; image_url: string | undefined; brand: any; categories: any; ... 11 more ...; stores: any; }>>'.
src/domains/store/products/products.service.spec.ts(508,22): error TS2339: Property 'objectContaining' does not exist on type '{ <T extends jasmine.Func>(spy: T | Spy<T>): FunctionMatchers<T>; (actual: string): Matchers<string>; <T>(actual: ArrayLike<T>): ArrayLikeMatchers<...>; <T>(actual: T): Matchers<...>; (): NothingMatcher; }'.
src/domains/store/products/products.service.spec.ts(540,45): error TS2339: Property 'rejects' does not exist on type 'Matchers<Promise<any>>'.
src/domains/store/products/products.service.spec.ts(567,41): error TS2339: Property 'rejects' does not exist on type 'Matchers<Promise<any>>'.
src/domains/store/products/products.service.spec.ts(613,9): error TS2339: Property 'rejects' does not exist on type 'Matchers<Promise<any>>'.
src/domains/store/products/products.service.spec.ts(641,36): error TS2339: Property 'updateVariant' does not exist on type 'ProductsService'.
src/domains/store/products/products.service.spec.ts(660,21): error TS2339: Property 'removeVariant' does not exist on type 'ProductsService'.
src/domains/store/products/products.service.spec.ts(826,23): error TS2339: Property 'objectContaining' does not exist on type '{ <T extends jasmine.Func>(spy: T | Spy<T>): FunctionMatchers<T>; (actual: string): Matchers<string>; <T>(actual: ArrayLike<T>): ArrayLikeMatchers<...>; <T>(actual: T): Matchers<...>; (): NothingMatcher; }'.
src/domains/store/products/products.service.spec.ts(842,25): error TS2339: Property 'any' does not exist on type '{ <T extends jasmine.Func>(spy: T | Spy<T>): FunctionMatchers<T>; (actual: string): Matchers<string>; <T>(actual: ArrayLike<T>): ArrayLikeMatchers<...>; <T>(actual: T): Matchers<...>; (): NothingMatcher; }'.
src/domains/store/products/services/product-variant.service.spec.ts(8,22): error TS2304: Cannot find name 'PrismaService'.
src/domains/store/products/services/product-variant.service.spec.ts(21,20): error TS2304: Cannot find name 'PrismaService'.
src/domains/store/products/services/product-variant.service.spec.ts(28,32): error TS2304: Cannot find name 'PrismaService'.
src/domains/store/products/services/product-variant.service.spec.ts(28,47): error TS2304: Cannot find name 'PrismaService'.
src/domains/store/products/services/product-variant.service.spec.ts(126,9): error TS2339: Property 'rejects' does not exist on type 'Matchers<Promise<any>>'.
src/domains/store/products/services/product-variant.service.spec.ts(130,9): error TS2339: Property 'rejects' does not exist on type 'Matchers<Promise<any>>'.
src/domains/store/products/services/product-variant.service.spec.ts(160,27): error TS2339: Property 'any' does not exist on type '{ <T extends jasmine.Func>(spy: T | Spy<T>): FunctionMatchers<T>; (actual: string): Matchers<string>; <T>(actual: ArrayLike<T>): ArrayLikeMatchers<...>; <T>(actual: T): Matchers<...>; (): NothingMatcher; }'.
src/domains/store/products/services/product-variant.service.spec.ts(280,46): error TS2339: Property 'toHaveLength' does not exist on type 'FunctionMatchers<any>'.
src/domains/store/products/services/product-variant.service.spec.ts(281,50): error TS2339: Property 'toHaveLength' does not exist on type 'FunctionMatchers<any>'.
src/domains/store/products/services/product-variant.service.spec.ts(282,37): error TS2339: Property 'toHaveLength' does not exist on type 'FunctionMatchers<any>'.
src/domains/store/products/services/product-variant.service.spec.ts(294,11): error TS2339: Property 'rejects' does not exist on type 'Matchers<Promise<any>>'.
src/domains/store/products/services/product-variant.service.spec.ts(302,11): error TS2339: Property 'rejects' does not exist on type 'Matchers<Promise<any>>'.
src/domains/store/products/services/product-variant.service.spec.ts(308,62): error TS2339: Property 'rejects' does not exist on type 'Matchers<Promise<any>>'.
src/domains/store/products/services/product-variant.service.spec.ts(366,11): error TS2551: Property 'toHaveBeenNthCalledWith' does not exist on type 'FunctionMatchers<Mock<any, any, any>>'. Did you mean 'toHaveBeenCalledWith'?
src/domains/store/products/services/product-variant.service.spec.ts(374,27): error TS2339: Property 'any' does not exist on type '{ <T extends jasmine.Func>(spy: T | Spy<T>): FunctionMatchers<T>; (actual: string): Matchers<string>; <T>(actual: ArrayLike<T>): ArrayLikeMatchers<...>; <T>(actual: T): Matchers<...>; (): NothingMatcher; }'.
src/domains/store/products/services/product-variant.service.spec.ts(379,11): error TS2551: Property 'toHaveBeenNthCalledWith' does not exist on type 'FunctionMatchers<Mock<any, any, any>>'. Did you mean 'toHaveBeenCalledWith'?
src/domains/store/products/services/product-variant.service.spec.ts(387,27): error TS2339: Property 'any' does not exist on type '{ <T extends jasmine.Func>(spy: T | Spy<T>): FunctionMatchers<T>; (actual: string): Matchers<string>; <T>(actual: ArrayLike<T>): ArrayLikeMatchers<...>; <T>(actual: T): Matchers<...>; (): NothingMatcher; }'.
src/domains/superadmin/audit/audit.controller.spec.ts(3,10): error TS2305: Module '"./audit.service"' has no exported member 'AuditService'.
src/domains/superadmin/audit/audit.controller.spec.ts(3,24): error TS2459: Module '"./audit.service"' declares 'AuditAction' locally, but it is not exported.
src/domains/superadmin/audit/audit.controller.spec.ts(3,37): error TS2459: Module '"./audit.service"' declares 'AuditResource' locally, but it is not exported.
src/domains/superadmin/audit/audit.controller.spec.ts(108,9): error TS2322: Type '{ id: number; action: any; resource: any; users: { id: number; email: string; }; }[]' is not assignable to type 'ExpectedRecursive<({ stores: { id: number; name: string; organization_id: number; slug: string; } | null; users: { id: number; email: string; first_name: string; last_name: string; organization_id: number; } | null; organizations: { ...; } | null; } & { ...; })[]>'.
  Type '{ id: number; action: any; resource: any; users: { id: number; email: string; }; }[]' is not assignable to type '({ stores: { id: number; name: string; organization_id: number; slug: string; } | null; users: { id: number; email: string; first_name: string; last_name: string; organization_id: number; } | null; organizations: { ...; } | null; } & { ...; })[]'.
    Type '{ id: number; action: any; resource: any; users: { id: number; email: string; }; }' is not assignable to type '{ stores: { id: number; name: string; organization_id: number; slug: string; } | null; users: { id: number; email: string; first_name: string; last_name: string; organization_id: number; } | null; organizations: { ...; } | null; } & { ...; }'.
      Type '{ id: number; action: any; resource: any; users: { id: number; email: string; }; }' is missing the following properties from type '{ stores: { id: number; name: string; organization_id: number; slug: string; } | null; users: { id: number; email: string; first_name: string; last_name: string; organization_id: number; } | null; organizations: { ...; } | null; }': stores, organizations
src/domains/superadmin/audit/audit.controller.spec.ts(131,9): error TS2322: Type '{ id: number; action: any; }[]' is not assignable to type 'ExpectedRecursive<({ stores: { id: number; name: string; organization_id: number; slug: string; } | null; users: { id: number; email: string; first_name: string; last_name: string; organization_id: number; } | null; organizations: { ...; } | null; } & { ...; })[]>'.
  Type '{ id: number; action: any; }[]' is not assignable to type '({ stores: { id: number; name: string; organization_id: number; slug: string; } | null; users: { id: number; email: string; first_name: string; last_name: string; organization_id: number; } | null; organizations: { ...; } | null; } & { ...; })[]'.
    Type '{ id: number; action: any; }' is not assignable to type '{ stores: { id: number; name: string; organization_id: number; slug: string; } | null; users: { id: number; email: string; first_name: string; last_name: string; organization_id: number; } | null; organizations: { ...; } | null; } & { ...; }'.
      Type '{ id: number; action: any; }' is missing the following properties from type '{ stores: { id: number; name: string; organization_id: number; slug: string; } | null; users: { id: number; email: string; first_name: string; last_name: string; organization_id: number; } | null; organizations: { ...; } | null; }': stores, users, organizations
src/domains/superadmin/audit/audit.controller.spec.ts(201,16): error TS2339: Property 'objectContaining' does not exist on type '{ <T extends jasmine.Func>(spy: T | Spy<T>): FunctionMatchers<T>; (actual: string): Matchers<string>; <T>(actual: ArrayLike<T>): ArrayLikeMatchers<...>; <T>(actual: T): Matchers<...>; (): NothingMatcher; }'.
src/domains/superadmin/audit/audit.controller.spec.ts(202,29): error TS2339: Property 'any' does not exist on type '{ <T extends jasmine.Func>(spy: T | Spy<T>): FunctionMatchers<T>; (actual: string): Matchers<string>; <T>(actual: ArrayLike<T>): ArrayLikeMatchers<...>; <T>(actual: T): Matchers<...>; (): NothingMatcher; }'.
src/domains/superadmin/audit/audit.controller.spec.ts(203,27): error TS2339: Property 'any' does not exist on type '{ <T extends jasmine.Func>(spy: T | Spy<T>): FunctionMatchers<T>; (actual: string): Matchers<string>; <T>(actual: ArrayLike<T>): ArrayLikeMatchers<...>; <T>(actual: T): Matchers<...>; (): NothingMatcher; }'.
src/domains/superadmin/audit/audit.controller.spec.ts(360,16): error TS2339: Property 'any' does not exist on type '{ <T extends jasmine.Func>(spy: T | Spy<T>): FunctionMatchers<T>; (actual: string): Matchers<string>; <T>(actual: ArrayLike<T>): ArrayLikeMatchers<...>; <T>(actual: T): Matchers<...>; (): NothingMatcher; }'.
src/domains/superadmin/audit/audit.controller.spec.ts(389,16): error TS2339: Property 'any' does not exist on type '{ <T extends jasmine.Func>(spy: T | Spy<T>): FunctionMatchers<T>; (actual: string): Matchers<string>; <T>(actual: ArrayLike<T>): ArrayLikeMatchers<...>; <T>(actual: T): Matchers<...>; (): NothingMatcher; }'.
src/domains/superadmin/audit/audit.controller.spec.ts(415,16): error TS2339: Property 'any' does not exist on type '{ <T extends jasmine.Func>(spy: T | Spy<T>): FunctionMatchers<T>; (actual: string): Matchers<string>; <T>(actual: ArrayLike<T>): ArrayLikeMatchers<...>; <T>(actual: T): Matchers<...>; (): NothingMatcher; }'.
src/domains/superadmin/audit/audit.controller.spec.ts(416,16): error TS2339: Property 'any' does not exist on type '{ <T extends jasmine.Func>(spy: T | Spy<T>): FunctionMatchers<T>; (actual: string): Matchers<string>; <T>(actual: ArrayLike<T>): ArrayLikeMatchers<...>; <T>(actual: T): Matchers<...>; (): NothingMatcher; }'.
src/domains/superadmin/audit/audit.controller.spec.ts(437,47): error TS2339: Property 'rejects' does not exist on type 'Matchers<Promise<SuccessResponse<({ stores: { id: number; name: string; organization_id: number; slug: string; } | null; users: { id: number; email: string; first_name: string; last_name: string; organization_id: number; } | null; organizations: { ...; } | null; } & { ...; })[]>>>'.
src/domains/superadmin/audit/audit.controller.spec.ts(445,48): error TS2339: Property 'rejects' does not exist on type 'Matchers<Promise<SuccessResponse<{ total_logs: number; logs_by_action: Record<string, number>; logs_by_resource: Record<string, number>; }>>>'.
src/domains/superadmin/audit/audit.module.spec.ts(3,10): error TS2305: Module '"./audit.service"' has no exported member 'AuditService'.
src/domains/superadmin/audit/audit.module.spec.ts(5,34): error TS2307: Cannot find module './audit.interceptor' or its corresponding type declarations.
src/domains/superadmin/audit/audit.module.spec.ts(245,22): error TS2551: Property 'toHaveBeenNthCalledWith' does not exist on type 'Matchers<SpyInstance<any, unknown[], any>>'. Did you mean 'toHaveBeenCalledWith'?
src/domains/superadmin/audit/audit.module.spec.ts(254,22): error TS2551: Property 'toHaveBeenNthCalledWith' does not exist on type 'Matchers<SpyInstance<any, unknown[], any>>'. Did you mean 'toHaveBeenCalledWith'?
src/domains/superadmin/audit/audit.module.spec.ts(264,22): error TS2551: Property 'toHaveBeenNthCalledWith' does not exist on type 'Matchers<SpyInstance<any, unknown[], any>>'. Did you mean 'toHaveBeenCalledWith'?
src/domains/superadmin/audit/audit.service.spec.ts(2,10): error TS2305: Module '"./audit.service"' has no exported member 'AuditService'.
src/domains/superadmin/audit/audit.service.spec.ts(2,24): error TS2459: Module '"./audit.service"' declares 'AuditAction' locally, but it is not exported.
src/domains/superadmin/audit/audit.service.spec.ts(2,37): error TS2459: Module '"./audit.service"' declares 'AuditResource' locally, but it is not exported.
src/domains/superadmin/audit/audit.service.spec.ts(130,16): error TS2339: Property 'anything' does not exist on type '{ <T extends jasmine.Func>(spy: T | Spy<T>): FunctionMatchers<T>; (actual: string): Matchers<string>; <T>(actual: ArrayLike<T>): ArrayLikeMatchers<...>; <T>(actual: T): Matchers<...>; (): NothingMatcher; }'.
